<?xml version="1.0" encoding="UTF-8"?>
<!-- Generated by org.testng.reporters.JUnitXMLReporter -->
<testsuite ignored="0" hostname="APH10031" failures="0" tests="5" name="Default test" time="28.813" errors="0" timestamp="2023-04-25T12:36:32 IST">
  <testcase classname="QAA_POM_NETOURS.script.Ntouristc01" name="launch" time="5.222"/>
  <testcase classname="QAA_POM_NETOURS.script.Ntouristc01" name="username" time="0.026"/>
  <testcase classname="QAA_POM_NETOURS.script.Ntouristc01" name="password" time="0.042"/>
  <testcase classname="QAA_POM_NETOURS.script.Ntouristc01" name="signin" time="11.099"/>
  <testcase classname="QAA_POM_NETOURS.script.Ntouristc01" name="validatep2" time="1.016"/>
</testsuite> <!-- Default test -->
