<?xml version="1.0" encoding="UTF-8"?>
<testng-results ignored="0" total="5" passed="5" failed="0" skipped="0">
  <reporter-output>
  </reporter-output>
  <suite started-at="2023-04-25T12:36:03 IST" name="Default suite" finished-at="2023-04-25T12:36:32 IST" duration-ms="28813">
    <groups>
    </groups>
    <test started-at="2023-04-25T12:36:03 IST" name="Default test" finished-at="2023-04-25T12:36:32 IST" duration-ms="28813">
      <class name="QAA_POM_NETOURS.script.Ntouristc01">
        <test-method is-config="true" signature="driverpath()[pri:0, instance:QAA_POM_NETOURS.script.Ntouristc01@4567f35d]" started-at="2023-04-25T12:36:03 IST" name="driverpath" finished-at="2023-04-25T12:36:06 IST" duration-ms="3378" status="PASS">
          <reporter-output>
          </reporter-output>
        </test-method> <!-- driverpath -->
        <test-method signature="launch()[pri:1, instance:QAA_POM_NETOURS.script.Ntouristc01@4567f35d]" started-at="2023-04-25T12:36:06 IST" name="launch" finished-at="2023-04-25T12:36:11 IST" duration-ms="5222" status="PASS">
          <reporter-output>
          </reporter-output>
        </test-method> <!-- launch -->
        <test-method signature="username()[pri:2, instance:QAA_POM_NETOURS.script.Ntouristc01@4567f35d]" started-at="2023-04-25T12:36:12 IST" name="username" finished-at="2023-04-25T12:36:12 IST" duration-ms="26" status="PASS">
          <reporter-output>
          </reporter-output>
        </test-method> <!-- username -->
        <test-method signature="password()[pri:3, instance:QAA_POM_NETOURS.script.Ntouristc01@4567f35d]" started-at="2023-04-25T12:36:12 IST" name="password" finished-at="2023-04-25T12:36:12 IST" duration-ms="42" status="PASS">
          <reporter-output>
          </reporter-output>
        </test-method> <!-- password -->
        <test-method signature="signin()[pri:4, instance:QAA_POM_NETOURS.script.Ntouristc01@4567f35d]" started-at="2023-04-25T12:36:12 IST" name="signin" finished-at="2023-04-25T12:36:23 IST" duration-ms="11099" status="PASS">
          <reporter-output>
          </reporter-output>
        </test-method> <!-- signin -->
        <test-method signature="validatep2()[pri:5, instance:QAA_POM_NETOURS.script.Ntouristc01@4567f35d]" started-at="2023-04-25T12:36:23 IST" name="validatep2" finished-at="2023-04-25T12:36:24 IST" duration-ms="1016" status="PASS">
          <reporter-output>
          </reporter-output>
        </test-method> <!-- validatep2 -->
        <test-method is-config="true" signature="postcondition()[pri:0, instance:QAA_POM_NETOURS.script.Ntouristc01@4567f35d]" started-at="2023-04-25T12:36:24 IST" name="postcondition" finished-at="2023-04-25T12:36:32 IST" duration-ms="7561" status="PASS">
          <reporter-output>
          </reporter-output>
        </test-method> <!-- postcondition -->
      </class> <!-- QAA_POM_NETOURS.script.Ntouristc01 -->
    </test> <!-- Default test -->
  </suite> <!-- Default suite -->
</testng-results>
